<?xml version="1.0" encoding="UTF-8"?>
<testsuite xmlns:xsi="http://www.w3.org/2001/XMLSchema-instance" xsi:noNamespaceSchemaLocation="https://maven.apache.org/surefire/maven-surefire-plugin/xsd/surefire-test-report-3.0.xsd" version="3.0" name="com.snapfifty.backend.BackendApplicationTests" time="4.108" tests="1" errors="0" skipped="0" failures="0">
  <properties>
[...]
</properties>
  <testcase name="contextLoads" classname="com.snapfifty.backend.BackendApplicationTests" time="1.173">
    <system-out><![CDATA[20:13:47.881 [main] INFO org.springframework.test.context.support.AnnotationConfigContextLoaderUtils -- Could not detect default configuration classes for test class [com.snapfifty.backend.BackendApplicationTests]: BackendApplicationTests does not declare any static, non-private, non-final, nested classes annotated with @Configuration.
20:13:48.008 [main] INFO org.springframework.boot.test.context.SpringBootTestContextBootstrapper -- Found @SpringBootConfiguration com.snapfifty.backend.BackendApplication for test class com.snapfifty.backend.BackendApplicationTests
20:13:48.200 [main] INFO org.springframework.boot.devtools.restart.RestartApplicationListener -- Restart disabled due to context in which it is running

  .   ____          _            __ _ _
 /\\ / ___'_ __ _ _(_)_ __  __ _ \ \ \ \
( ( )\___ | '_ | '_| | '_ \/ _` | \ \ \ \
 \\/  ___)| |_)| | | | | || (_| |  ) ) ) )
  '  |____| .__|_| |_|_| |_\__, | / / / /
 =========|_|==============|___/=/_/_/_/
 :: Spring Boot ::                (v3.2.0)

2024-11-25T20:13:48.605-06:00  INFO 12144 --- [           main] c.s.backend.BackendApplicationTests      : Starting BackendApplicationTests using Java 21.0.5 with PID 12144 (started by mrjod in D:\SnapFifty\backend)
2024-11-25T20:13:48.606-06:00 DEBUG 12144 --- [           main] c.s.backend.BackendApplicationTests      : Running with Spring Boot v3.2.0, Spring v6.1.1
2024-11-25T20:13:48.606-06:00  INFO 12144 --- [           main] c.s.backend.BackendApplicationTests      : No active profile set, falling back to 1 default profile: "default"
2024-11-25T20:13:50.521-06:00  INFO 12144 --- [           main] c.s.backend.BackendApplicationTests      : Started BackendApplicationTests in 2.321 seconds (process running for 3.845)
]]></system-out>
    <system-err><![CDATA[WARNING: A Java agent has been loaded dynamically (C:\Users\mrjod\.m2\repository\net\bytebuddy\byte-buddy-agent\1.14.10\byte-buddy-agent-1.14.10.jar)
WARNING: If a serviceability tool is in use, please run with -XX:+EnableDynamicAgentLoading to hide this warning
WARNING: If a serviceability tool is not in use, please run with -Djdk.instrument.traceUsage for more information
WARNING: Dynamic loading of agents will be disallowed by default in a future release
]]></system-err>
  </testcase>
</testsuite>